

Microchip Technology PIC18 LITE Macro Assembler V1.41 build -162212810 
                                                                                               Sat Jan 13 10:50:33 2018

Microchip Technology Omniscient Code Generator v1.41 (Free mode) build 201701250102
     1                           	processor	18F45K22
     2                           	fnconf	rparam,??,?,0
     3                           	opt	pw 120
     4                           	opt	lm
     5                           	psect	smallconst,global,reloc=2,class=SMALLCONST,delta=1,noexec
     6                           	psect	cinit,global,reloc=2,class=CODE,delta=1
     7                           	psect	cstackCOMRAM,global,class=COMRAM,space=1,delta=1,noexec
     8                           	psect	text0,global,reloc=2,class=CODE,delta=1
     9                           	psect	text1,global,reloc=2,class=CODE,delta=1
    10                           	psect	text2,global,reloc=2,class=CODE,delta=1
    11                           	psect	text3,global,reloc=2,class=CODE,delta=1
    12                           	psect	text4,global,reloc=2,class=CODE,delta=1,group=1
    13                           	psect	intsave_regs,global,class=BIGRAM,space=1,delta=1,noexec
    14                           	psect	rparam,global,class=COMRAM,space=1,delta=1,noexec
    15  0000                     
    16                           ; Version 1.41
    17                           ; Generated 25/01/2017 GMT
    18                           ; 
    19                           ; Copyright © 2017, Microchip Technology Inc. and its subsidiaries ("Microchip")
    20                           ; All rights reserved.
    21                           ; 
    22                           ; This software is developed by Microchip Technology Inc. and its subsidiaries ("Microch
      +                          ip").
    23                           ; 
    24                           ; Redistribution and use in source and binary forms, with or without modification, are
    25                           ; permitted provided that the following conditions are met:
    26                           ; 
    27                           ;     1. Redistributions of source code must retain the above copyright notice, this lis
      +                          t of
    28                           ;        conditions and the following disclaimer.
    29                           ; 
    30                           ;     2. Redistributions in binary form must reproduce the above copyright notice, this 
      +                          list
    31                           ;        of conditions and the following disclaimer in the documentation and/or other
    32                           ;        materials provided with the distribution.
    33                           ; 
    34                           ;     3. Microchip's name may not be used to endorse or promote products derived from th
      +                          is
    35                           ;        software without specific prior written permission.
    36                           ; 
    37                           ; THIS SOFTWARE IS PROVIDED BY MICROCHIP "AS IS" AND ANY EXPRESS OR IMPLIED WARRANTIES,
    38                           ; INCLUDING, BUT NOT LIMITED TO, THE IMPLIED WARRANTIES OF MERCHANTABILITY AND FITNESS F
      +                          OR
    39                           ; PURPOSE ARE DISCLAIMED.  IN NO EVENT SHALL MICROCHIP BE LIABLE FOR ANY DIRECT, INDIREC
      +                          T,
    40                           ; INCIDENTAL, SPECIAL, EXEMPLARY, OR CONSEQUENTIAL DAMAGES (INCLUDING BUT NOT LIMITED TO
    41                           ; PROCUREMENT OF SUBSTITUTE GOODS OR SERVICES; LOSS OF USE, DATA OR PROFITS; OR BUSINESS
    42                           ; INTERRUPTION) HOWSOEVER CAUSED AND ON ANY THEORY OF LIABILITY, WHETHER IN CONTRACT, ST
      +                          RICT
    43                           ; LIABILITY, OR TORT (INCLUDING NEGLIGENCE OR OTHERWISE) ARISING IN ANY WAY OUT OF THE U
      +                          SE OF
    44                           ; THIS SOFTWARE, EVEN IF ADVISED OF THE POSSIBILITY OF SUCH DAMAGE.
    45                           ; 
    46                           ; 
    47                           ; Code-generator required, PIC18F45K22 Definitions
    48                           ; 
    49                           ; SFR Addresses
    50  0000                     _ANSELB	set	3897
    51  0000                     _ANSELC	set	3898
    52  0000                     _TRISB	set	3987
    53  0000                     _TRISC	set	3988
    54  0000                     _RCREG1	set	4014
    55  0000                     _TXREG1	set	4013
    56  0000                     _SPBRG1	set	4015
    57  0000                     _SPBRGH1	set	4016
    58  0000                     _TXSTA1bits	set	4012
    59  0000                     _RCSTA1bits	set	4011
    60  0000                     _BAUDCON1bits	set	4024
    61  0000                     _TXSTAbits	set	4012
    62  0000                     _RCSTA1	set	4011
    63  0000                     _TXSTA1	set	4012
    64  0000                     _RC1IF	set	31989
    65  0000                     _TX1IF	set	31988
    66                           
    67                           	psect	smallconst
    68  000600                     __psmallconst:
    69                           	opt stack 0
    70  000600  00                 	db	0
    71  000601                     STR_7:
    72  000601  47                 	db	71	;'G'
    73  000602  45                 	db	69	;'E'
    74  000603  54                 	db	84	;'T'
    75  000604  20                 	db	32
    76  000605  2F                 	db	47
    77  000606  63                 	db	99	;'c'
    78  000607  68                 	db	104	;'h'
    79  000608  61                 	db	97	;'a'
    80  000609  6E                 	db	110	;'n'
    81  00060A  6E                 	db	110	;'n'
    82  00060B  65                 	db	101	;'e'
    83  00060C  6C                 	db	108	;'l'
    84  00060D  73                 	db	115	;'s'
    85  00060E  2F                 	db	47
    86  00060F  33                 	db	51	;'3'
    87  000610  34                 	db	52	;'4'
    88  000611  31                 	db	49	;'1'
    89  000612  31                 	db	49	;'1'
    90  000613  31                 	db	49	;'1'
    91  000614  38                 	db	56	;'8'
    92  000615  2F                 	db	47
    93  000616  66                 	db	102	;'f'
    94  000617  65                 	db	101	;'e'
    95  000618  65                 	db	101	;'e'
    96  000619  64                 	db	100	;'d'
    97  00061A  73                 	db	115	;'s'
    98  00061B  2E                 	db	46
    99  00061C  6A                 	db	106	;'j'
   100  00061D  73                 	db	115	;'s'
   101  00061E  6F                 	db	111	;'o'
   102  00061F  6E                 	db	110	;'n'
   103  000620  3F                 	db	63	;'?'
   104  000621  6B                 	db	107	;'k'
   105  000622  65                 	db	101	;'e'
   106  000623  79                 	db	121	;'y'
   107  000624  3D                 	db	61	;'='
   108  000625  30                 	db	48	;'0'
   109  000626  55                 	db	85	;'U'
   110  000627  37                 	db	55	;'7'
   111  000628  5A                 	db	90	;'Z'
   112  000629  4C                 	db	76	;'L'
   113  00062A  47                 	db	71	;'G'
   114  00062B  58                 	db	88	;'X'
   115  00062C  48                 	db	72	;'H'
   116  00062D  4E                 	db	78	;'N'
   117  00062E  34                 	db	52	;'4'
   118  00062F  47                 	db	71	;'G'
   119  000630  49                 	db	73	;'I'
   120  000631  4C                 	db	76	;'L'
   121  000632  53                 	db	83	;'S'
   122  000633  48                 	db	72	;'H'
   123  000634  41                 	db	65	;'A'
   124  000635  26                 	db	38
   125  000636  72                 	db	114	;'r'
   126  000637  65                 	db	101	;'e'
   127  000638  73                 	db	115	;'s'
   128  000639  75                 	db	117	;'u'
   129  00063A  6C                 	db	108	;'l'
   130  00063B  74                 	db	116	;'t'
   131  00063C  73                 	db	115	;'s'
   132  00063D  3D                 	db	61	;'='
   133  00063E  31                 	db	49	;'1'
   134  00063F  0D                 	db	13
   135  000640  0A                 	db	10
   136  000641  00                 	db	0
   137  000642                     STR_1:
   138  000642  41                 	db	65	;'A'
   139  000643  54                 	db	84	;'T'
   140  000644  2B                 	db	43
   141  000645  43                 	db	67	;'C'
   142  000646  57                 	db	87	;'W'
   143  000647  4A                 	db	74	;'J'
   144  000648  41                 	db	65	;'A'
   145  000649  50                 	db	80	;'P'
   146  00064A  3D                 	db	61	;'='
   147  00064B  22                 	db	34
   148  00064C  4A                 	db	74	;'J'
   149  00064D  53                 	db	83	;'S'
   150  00064E  44                 	db	68	;'D'
   151  00064F  20                 	db	32
   152  000650  45                 	db	69	;'E'
   153  000651  4C                 	db	76	;'L'
   154  000652  45                 	db	69	;'E'
   155  000653  43                 	db	67	;'C'
   156  000654  54                 	db	84	;'T'
   157  000655  52                 	db	82	;'R'
   158  000656  4F                 	db	79	;'O'
   159  000657  4E                 	db	78	;'N'
   160  000658  49                 	db	73	;'I'
   161  000659  43                 	db	67	;'C'
   162  00065A  53                 	db	83	;'S'
   163  00065B  20                 	db	32
   164  00065C  22                 	db	34
   165  00065D  2C                 	db	44
   166  00065E  22                 	db	34
   167  00065F  47                 	db	71	;'G'
   168  000660  50                 	db	80	;'P'
   169  000661  53                 	db	83	;'S'
   170  000662  42                 	db	66	;'B'
   171  000663  4F                 	db	79	;'O'
   172  000664  58                 	db	88	;'X'
   173  000665  5F                 	db	95	;'_'
   174  000666  6A                 	db	106	;'j'
   175  000667  73                 	db	115	;'s'
   176  000668  64                 	db	100	;'d'
   177  000669  40                 	db	64	;'@'
   178  00066A  28                 	db	40
   179  00066B  2A                 	db	42
   180  00066C  26                 	db	38
   181  00066D  5E                 	db	94	;'^'
   182  00066E  35                 	db	53	;'5'
   183  00066F  34                 	db	52	;'4'
   184  000670  33                 	db	51	;'3'
   185  000671  32                 	db	50	;'2'
   186  000672  31                 	db	49	;'1'
   187  000673  22                 	db	34
   188  000674  0D                 	db	13
   189  000675  0A                 	db	10
   190  000676  00                 	db	0
   191  000677                     STR_5:
   192  000677  41                 	db	65	;'A'
   193  000678  54                 	db	84	;'T'
   194  000679  2B                 	db	43
   195  00067A  43                 	db	67	;'C'
   196  00067B  49                 	db	73	;'I'
   197  00067C  50                 	db	80	;'P'
   198  00067D  53                 	db	83	;'S'
   199  00067E  54                 	db	84	;'T'
   200  00067F  41                 	db	65	;'A'
   201  000680  52                 	db	82	;'R'
   202  000681  54                 	db	84	;'T'
   203  000682  3D                 	db	61	;'='
   204  000683  34                 	db	52	;'4'
   205  000684  2C                 	db	44
   206  000685  22                 	db	34
   207  000686  54                 	db	84	;'T'
   208  000687  43                 	db	67	;'C'
   209  000688  50                 	db	80	;'P'
   210  000689  22                 	db	34
   211  00068A  2C                 	db	44
   212  00068B  22                 	db	34
   213  00068C  31                 	db	49	;'1'
   214  00068D  38                 	db	56	;'8'
   215  00068E  34                 	db	52	;'4'
   216  00068F  2E                 	db	46
   217  000690  31                 	db	49	;'1'
   218  000691  30                 	db	48	;'0'
   219  000692  36                 	db	54	;'6'
   220  000693  2E                 	db	46
   221  000694  31                 	db	49	;'1'
   222  000695  35                 	db	53	;'5'
   223  000696  33                 	db	51	;'3'
   224  000697  2E                 	db	46
   225  000698  31                 	db	49	;'1'
   226  000699  34                 	db	52	;'4'
   227  00069A  39                 	db	57	;'9'
   228  00069B  22                 	db	34
   229  00069C  2C                 	db	44
   230  00069D  38                 	db	56	;'8'
   231  00069E  30                 	db	48	;'0'
   232  00069F  0D                 	db	13
   233  0006A0  0A                 	db	10
   234  0006A1  00                 	db	0
   235  0006A2                     STR_4:
   236  0006A2  41                 	db	65	;'A'
   237  0006A3  54                 	db	84	;'T'
   238  0006A4  2B                 	db	43
   239  0006A5  43                 	db	67	;'C'
   240  0006A6  49                 	db	73	;'I'
   241  0006A7  50                 	db	80	;'P'
   242  0006A8  53                 	db	83	;'S'
   243  0006A9  45                 	db	69	;'E'
   244  0006AA  52                 	db	82	;'R'
   245  0006AB  56                 	db	86	;'V'
   246  0006AC  45                 	db	69	;'E'
   247  0006AD  52                 	db	82	;'R'
   248  0006AE  3D                 	db	61	;'='
   249  0006AF  31                 	db	49	;'1'
   250  0006B0  2C                 	db	44
   251  0006B1  38                 	db	56	;'8'
   252  0006B2  30                 	db	48	;'0'
   253  0006B3  0D                 	db	13
   254  0006B4  0A                 	db	10
   255  0006B5  00                 	db	0
   256  0006B6                     STR_6:
   257  0006B6  41                 	db	65	;'A'
   258  0006B7  54                 	db	84	;'T'
   259  0006B8  2B                 	db	43
   260  0006B9  43                 	db	67	;'C'
   261  0006BA  49                 	db	73	;'I'
   262  0006BB  50                 	db	80	;'P'
   263  0006BC  53                 	db	83	;'S'
   264  0006BD  45                 	db	69	;'E'
   265  0006BE  4E                 	db	78	;'N'
   266  0006BF  44                 	db	68	;'D'
   267  0006C0  3D                 	db	61	;'='
   268  0006C1  34                 	db	52	;'4'
   269  0006C2  2C                 	db	44
   270  0006C3  36                 	db	54	;'6'
   271  0006C4  34                 	db	52	;'4'
   272  0006C5  0D                 	db	13
   273  0006C6  0A                 	db	10
   274  0006C7  00                 	db	0
   275  0006C8                     STR_3:
   276  0006C8  41                 	db	65	;'A'
   277  0006C9  54                 	db	84	;'T'
   278  0006CA  2B                 	db	43
   279  0006CB  43                 	db	67	;'C'
   280  0006CC  49                 	db	73	;'I'
   281  0006CD  50                 	db	80	;'P'
   282  0006CE  4D                 	db	77	;'M'
   283  0006CF  55                 	db	85	;'U'
   284  0006D0  58                 	db	88	;'X'
   285  0006D1  3D                 	db	61	;'='
   286  0006D2  31                 	db	49	;'1'
   287  0006D3  0D                 	db	13
   288  0006D4  0A                 	db	10
   289  0006D5  00                 	db	0
   290  0006D6                     STR_2:
   291  0006D6  41                 	db	65	;'A'
   292  0006D7  54                 	db	84	;'T'
   293  0006D8  0D                 	db	13
   294  0006D9  0A                 	db	10
   295  0006DA  00                 	db	0
   296                           
   297                           ; #config settings
   298  0006DB  00                 	db	0	; dummy byte at the end
   299  0000                     
   300                           	psect	cinit
   301  000A3C                     __pcinit:
   302                           	opt stack 0
   303  000A3C                     start_initialization:
   304                           	opt stack 0
   305  000A3C                     __initialization:
   306                           	opt stack 0
   307  000A3C                     end_of_initialization:
   308                           	opt stack 0
   309  000A3C                     __end_of__initialization:
   310                           	opt stack 0
   311  000A3C  0E00               	movlw	low (__Lmediumconst shr (0+16))
   312  000A3E  6EF8               	movwf	tblptru,c
   313  000A40  0100               	movlb	0
   314  000A42  EF6E  F003         	goto	_main	;jump to C main() function
   315                           tblptru	equ	0xFF8
   316                           
   317                           	psect	cstackCOMRAM
   318  000001                     __pcstackCOMRAM:
   319                           	opt stack 0
   320  000001                     ?___lldiv:
   321                           	opt stack 0
   322  000001                     uart_string1@str:
   323                           	opt stack 0
   324  000001                     ___lldiv@dividend:
   325                           	opt stack 0
   326                           
   327                           ; 4 bytes @ 0x0
   328  000001                     	ds	2
   329  000003                     
   330                           ; 1 bytes @ 0x2
   331  000003                     	ds	2
   332  000005                     ___lldiv@divisor:
   333                           	opt stack 0
   334                           
   335                           ; 4 bytes @ 0x4
   336  000005                     	ds	4
   337  000009                     ___lldiv@quotient:
   338                           	opt stack 0
   339                           
   340                           ; 4 bytes @ 0x8
   341  000009                     	ds	4
   342  00000D                     ___lldiv@counter:
   343                           	opt stack 0
   344                           
   345                           ; 1 bytes @ 0xC
   346  00000D                     	ds	1
   347  00000E                     uart_init1@baud:
   348                           	opt stack 0
   349                           
   350                           ; 4 bytes @ 0xD
   351  00000E                     	ds	4
   352  000012                     uart_init1@n:
   353                           	opt stack 0
   354                           
   355                           ; 2 bytes @ 0x11
   356  000012                     	ds	2
   357  000014                     ??_main:
   358                           
   359                           ; 1 bytes @ 0x13
   360  000014                     	ds	2
   361  000016                     main@as:
   362                           	opt stack 0
   363                           
   364                           ; 20 bytes @ 0x15
   365  000016                     	ds	20
   366  00002A                     main@i:
   367                           	opt stack 0
   368                           
   369                           ; 2 bytes @ 0x29
   370  00002A                     	ds	2
   371  00002C                     main@y:
   372                           	opt stack 0
   373                           
   374                           ; 2 bytes @ 0x2B
   375  00002C                     	ds	2
   376  00002E                     main@x:
   377                           	opt stack 0
   378                           
   379                           ; 1 bytes @ 0x2D
   380  00002E                     	ds	1
   381  00002F                     main@k:
   382                           	opt stack 0
   383                           
   384                           ; 2 bytes @ 0x2E
   385  00002F                     	ds	2
   386  000031                     main@LK:
   387                           	opt stack 0
   388                           
   389                           ; 2 bytes @ 0x30
   390  000031                     	ds	2
   391  000033                     main@i_349:
   392                           	opt stack 0
   393                           
   394                           ; 2 bytes @ 0x32
   395  000033                     	ds	2
   396                           tblptru	equ	0xFF8
   397                           
   398 ;;
   399 ;;Main: autosize = 0, tempsize = 2, incstack = 0, save=0
   400 ;;
   401 ;; *************** function _main *****************
   402 ;; Defined at:
   403 ;;		line 141 in file "Automation-7.c"
   404 ;; Parameters:    Size  Location     Type
   405 ;;		None
   406 ;; Auto vars:     Size  Location     Type
   407 ;;  k               2   46[COMRAM] int 
   408 ;;  as             20   21[COMRAM] int [10]
   409 ;;  i               2   50[COMRAM] int 
   410 ;;  LK              2   48[COMRAM] int 
   411 ;;  y               2   43[COMRAM] int 
   412 ;;  i               2   41[COMRAM] int 
   413 ;;  ch              2    0        int 
   414 ;;  x               1   45[COMRAM] unsigned char 
   415 ;; Return value:  Size  Location     Type
   416 ;;                  1    wreg      void 
   417 ;; Registers used:
   418 ;;		wreg, fsr0l, fsr0h, fsr2l, fsr2h, status,2, status,0, tblptrl, tblptrh, tblptru, cstack
   419 ;; Tracked objects:
   420 ;;		On entry : 0/0
   421 ;;		On exit  : 0/0
   422 ;;		Unchanged: 0/0
   423 ;; Data sizes:     COMRAM   BANK0   BANK1   BANK2   BANK3   BANK4   BANK5
   424 ;;      Params:         0       0       0       0       0       0       0
   425 ;;      Locals:        31       0       0       0       0       0       0
   426 ;;      Temps:          2       0       0       0       0       0       0
   427 ;;      Totals:        33       0       0       0       0       0       0
   428 ;;Total ram usage:       33 bytes
   429 ;; Hardware stack levels required when called:    2
   430 ;; This function calls:
   431 ;;		_uart_init1
   432 ;;		_uart_rec1
   433 ;;		_uart_string1
   434 ;; This function is called by:
   435 ;;		Startup code after reset
   436 ;; This function uses a non-reentrant model
   437 ;;
   438                           
   439                           	psect	text0
   440  0006DC                     __ptext0:
   441                           	opt stack 0
   442  0006DC                     _main:
   443                           	opt stack 29
   444                           
   445                           ;Automation-7.c: 144: ANSELC=0;
   446                           
   447                           ;incstack = 0
   448  0006DC  0E00               	movlw	0
   449  0006DE  010F               	movlb	15	; () banked
   450  0006E0  6F3A               	movwf	58,b	;volatile
   451                           
   452                           ;Automation-7.c: 145: TRISC=0x80;
   453  0006E2  0E80               	movlw	128
   454  0006E4  6E94               	movwf	3988,c	;volatile
   455                           
   456                           ;Automation-7.c: 146: TRISB=00;
   457  0006E6  0E00               	movlw	0
   458  0006E8  6E93               	movwf	3987,c	;volatile
   459                           
   460                           ;Automation-7.c: 147: ANSELB=0;
   461  0006EA  0E00               	movlw	0
   462  0006EC  010F               	movlb	15	; () banked
   463  0006EE  6F39               	movwf	57,b	;volatile
   464                           
   465                           ; BSR set to: 15
   466                           ;Automation-7.c: 148: uart_init1(115200);
   467  0006F0  0E00               	movlw	0
   468  0006F2  6E0E               	movwf	uart_init1@baud,c
   469  0006F4  0EC2               	movlw	194
   470  0006F6  6E0F               	movwf	uart_init1@baud+1,c
   471  0006F8  0E01               	movlw	1
   472  0006FA  6E10               	movwf	uart_init1@baud+2,c
   473  0006FC  0E00               	movlw	0
   474  0006FE  6E11               	movwf	uart_init1@baud+3,c
   475  000700  ECF7  F004         	call	_uart_init1	;wreg free
   476                           
   477                           ;Automation-7.c: 149: _delay((unsigned long)((2000)*(16000000/4000.0)));
   478  000704  0E29               	movlw	41
   479  000706  6E15               	movwf	(??_main+1)& (0+255),c
   480  000708  0E96               	movlw	150
   481  00070A  6E14               	movwf	??_main& (0+255),c
   482  00070C  0E7F               	movlw	127
   483  00070E                     u367:
   484  00070E  2EE8               	decfsz	wreg,f,c
   485  000710  D7FE               	bra	u367
   486  000712  2E14               	decfsz	??_main& (0+255),f,c
   487  000714  D7FC               	bra	u367
   488  000716  2E15               	decfsz	(??_main+1)& (0+255),f,c
   489  000718  D7FA               	bra	u367
   490  00071A  F000               	nop	
   491                           
   492                           ;Automation-7.c: 150: unsigned char x;
   493                           ;Automation-7.c: 152: uart_string1("AT+CWJAP=\"JSD ELECTRONICS \",\"GPSBOX_jsd@(*&^54321
      +                          \"\r\n");
   494  00071C  0E42               	movlw	low STR_1
   495  00071E  6E01               	movwf	uart_string1@str,c
   496  000720  0E06               	movlw	high STR_1
   497  000722  6E02               	movwf	uart_string1@str+1,c
   498  000724  ECCD  F004         	call	_uart_string1	;wreg free
   499                           
   500                           ;Automation-7.c: 153: _delay((unsigned long)((2000)*(16000000/4000.0)));
   501  000728  0E29               	movlw	41
   502  00072A  6E15               	movwf	(??_main+1)& (0+255),c
   503  00072C  0E96               	movlw	150
   504  00072E  6E14               	movwf	??_main& (0+255),c
   505  000730  0E7F               	movlw	127
   506  000732                     u377:
   507  000732  2EE8               	decfsz	wreg,f,c
   508  000734  D7FE               	bra	u377
   509  000736  2E14               	decfsz	??_main& (0+255),f,c
   510  000738  D7FC               	bra	u377
   511  00073A  2E15               	decfsz	(??_main+1)& (0+255),f,c
   512  00073C  D7FA               	bra	u377
   513  00073E  F000               	nop	
   514                           
   515                           ;Automation-7.c: 154: int i=0;
   516  000740  0E00               	movlw	0
   517  000742  6E2B               	movwf	main@i+1,c
   518  000744  0E00               	movlw	0
   519  000746  6E2A               	movwf	main@i,c
   520                           
   521                           ;Automation-7.c: 157: {
   522                           ;Automation-7.c: 158: uart_string1("AT\r\n");
   523                           
   524                           ;Automation-7.c: 155: int ch;
   525                           ;Automation-7.c: 156: while(1)
   526  000748  0ED6               	movlw	low STR_2
   527  00074A  6E01               	movwf	uart_string1@str,c
   528  00074C  0E06               	movlw	high STR_2
   529  00074E  6E02               	movwf	uart_string1@str+1,c
   530  000750  ECCD  F004         	call	_uart_string1	;wreg free
   531                           
   532                           ;Automation-7.c: 159: _delay((unsigned long)((2000)*(16000000/4000.0)));
   533  000754  0E29               	movlw	41
   534  000756  6E15               	movwf	(??_main+1)& (0+255),c
   535  000758  0E96               	movlw	150
   536  00075A  6E14               	movwf	??_main& (0+255),c
   537  00075C  0E7F               	movlw	127
   538  00075E                     u387:
   539  00075E  2EE8               	decfsz	wreg,f,c
   540  000760  D7FE               	bra	u387
   541  000762  2E14               	decfsz	??_main& (0+255),f,c
   542  000764  D7FC               	bra	u387
   543  000766  2E15               	decfsz	(??_main+1)& (0+255),f,c
   544  000768  D7FA               	bra	u387
   545  00076A  F000               	nop	
   546                           
   547                           ;Automation-7.c: 160: uart_string1("AT+CIPMUX=1\r\n");
   548  00076C  0EC8               	movlw	low STR_3
   549  00076E  6E01               	movwf	uart_string1@str,c
   550  000770  0E06               	movlw	high STR_3
   551  000772  6E02               	movwf	uart_string1@str+1,c
   552  000774  ECCD  F004         	call	_uart_string1	;wreg free
   553                           
   554                           ;Automation-7.c: 161: _delay((unsigned long)((2000)*(16000000/4000.0)));
   555  000778  0E29               	movlw	41
   556  00077A  6E15               	movwf	(??_main+1)& (0+255),c
   557  00077C  0E96               	movlw	150
   558  00077E  6E14               	movwf	??_main& (0+255),c
   559  000780  0E7F               	movlw	127
   560  000782                     u397:
   561  000782  2EE8               	decfsz	wreg,f,c
   562  000784  D7FE               	bra	u397
   563  000786  2E14               	decfsz	??_main& (0+255),f,c
   564  000788  D7FC               	bra	u397
   565  00078A  2E15               	decfsz	(??_main+1)& (0+255),f,c
   566  00078C  D7FA               	bra	u397
   567  00078E  F000               	nop	
   568                           
   569                           ;Automation-7.c: 162: uart_string1("AT+CIPSERVER=1,80\r\n");
   570  000790  0EA2               	movlw	low STR_4
   571  000792  6E01               	movwf	uart_string1@str,c
   572  000794  0E06               	movlw	high STR_4
   573  000796  6E02               	movwf	uart_string1@str+1,c
   574  000798  ECCD  F004         	call	_uart_string1	;wreg free
   575                           
   576                           ;Automation-7.c: 163: _delay((unsigned long)((2000)*(16000000/4000.0)));
   577  00079C  0E29               	movlw	41
   578  00079E  6E15               	movwf	(??_main+1)& (0+255),c
   579  0007A0  0E96               	movlw	150
   580  0007A2  6E14               	movwf	??_main& (0+255),c
   581  0007A4  0E7F               	movlw	127
   582  0007A6                     u407:
   583  0007A6  2EE8               	decfsz	wreg,f,c
   584  0007A8  D7FE               	bra	u407
   585  0007AA  2E14               	decfsz	??_main& (0+255),f,c
   586  0007AC  D7FC               	bra	u407
   587  0007AE  2E15               	decfsz	(??_main+1)& (0+255),f,c
   588  0007B0  D7FA               	bra	u407
   589  0007B2  F000               	nop	
   590                           
   591                           ;Automation-7.c: 164: uart_string1("AT+CIPSTART=4,\"TCP\",\"184.106.153.149\",80\r\n");
   592  0007B4  0E77               	movlw	low STR_5
   593  0007B6  6E01               	movwf	uart_string1@str,c
   594  0007B8  0E06               	movlw	high STR_5
   595  0007BA  6E02               	movwf	uart_string1@str+1,c
   596  0007BC  ECCD  F004         	call	_uart_string1	;wreg free
   597                           
   598                           ;Automation-7.c: 165: _delay((unsigned long)((2000)*(16000000/4000.0)));
   599  0007C0  0E29               	movlw	41
   600  0007C2  6E15               	movwf	(??_main+1)& (0+255),c
   601  0007C4  0E96               	movlw	150
   602  0007C6  6E14               	movwf	??_main& (0+255),c
   603  0007C8  0E7F               	movlw	127
   604  0007CA                     u417:
   605  0007CA  2EE8               	decfsz	wreg,f,c
   606  0007CC  D7FE               	bra	u417
   607  0007CE  2E14               	decfsz	??_main& (0+255),f,c
   608  0007D0  D7FC               	bra	u417
   609  0007D2  2E15               	decfsz	(??_main+1)& (0+255),f,c
   610  0007D4  D7FA               	bra	u417
   611  0007D6  F000               	nop	
   612                           
   613                           ;Automation-7.c: 166: uart_string1("AT+CIPSEND=4,64\r\n");
   614  0007D8  0EB6               	movlw	low STR_6
   615  0007DA  6E01               	movwf	uart_string1@str,c
   616  0007DC  0E06               	movlw	high STR_6
   617  0007DE  6E02               	movwf	uart_string1@str+1,c
   618  0007E0  ECCD  F004         	call	_uart_string1	;wreg free
   619                           
   620                           ;Automation-7.c: 167: _delay((unsigned long)((2000)*(16000000/4000.0)));
   621  0007E4  0E29               	movlw	41
   622  0007E6  6E15               	movwf	(??_main+1)& (0+255),c
   623  0007E8  0E96               	movlw	150
   624  0007EA  6E14               	movwf	??_main& (0+255),c
   625  0007EC  0E7F               	movlw	127
   626  0007EE                     u427:
   627  0007EE  2EE8               	decfsz	wreg,f,c
   628  0007F0  D7FE               	bra	u427
   629  0007F2  2E14               	decfsz	??_main& (0+255),f,c
   630  0007F4  D7FC               	bra	u427
   631  0007F6  2E15               	decfsz	(??_main+1)& (0+255),f,c
   632  0007F8  D7FA               	bra	u427
   633  0007FA  F000               	nop	
   634                           
   635                           ;Automation-7.c: 168: uart_string1("GET /channels/341118/feeds.json?key=0U7ZLGXHN4GILSHA
      +                          &results=1\r\n");
   636  0007FC  0E01               	movlw	low STR_7
   637  0007FE  6E01               	movwf	uart_string1@str,c
   638  000800  0E06               	movlw	high STR_7
   639  000802  6E02               	movwf	uart_string1@str+1,c
   640  000804  ECCD  F004         	call	_uart_string1	;wreg free
   641                           
   642                           ;Automation-7.c: 169: _delay((unsigned long)((2000)*(16000000/4000.0)));
   643  000808  0E29               	movlw	41
   644  00080A  6E15               	movwf	(??_main+1)& (0+255),c
   645  00080C  0E96               	movlw	150
   646  00080E  6E14               	movwf	??_main& (0+255),c
   647  000810  0E7F               	movlw	127
   648  000812                     u437:
   649  000812  2EE8               	decfsz	wreg,f,c
   650  000814  D7FE               	bra	u437
   651  000816  2E14               	decfsz	??_main& (0+255),f,c
   652  000818  D7FC               	bra	u437
   653  00081A  2E15               	decfsz	(??_main+1)& (0+255),f,c
   654  00081C  D7FA               	bra	u437
   655  00081E  F000               	nop	
   656  000820                     l955:
   657                           
   658                           ;Automation-7.c: 174: {
   659                           ;Automation-7.c: 175: for (i=0;i<=297;i++)
   660  000820  0E00               	movlw	0
   661  000822  6E34               	movwf	main@i_349+1,c
   662  000824  0E00               	movlw	0
   663  000826  6E33               	movwf	main@i_349,c
   664  000828                     l957:
   665  000828  BE34               	btfsc	main@i_349+1,7,c
   666  00082A  D006               	goto	l961
   667  00082C  0E2A               	movlw	42
   668  00082E  5C33               	subwf	main@i_349,w,c
   669  000830  0E01               	movlw	1
   670  000832  5834               	subwfb	main@i_349+1,w,c
   671  000834  B0D8               	btfsc	status,0,c
   672  000836  D009               	goto	l967
   673  000838                     l961:
   674                           
   675                           ;Automation-7.c: 176: {
   676                           ;Automation-7.c: 177: LK=uart_rec1();
   677  000838  EC23  F005         	call	_uart_rec1	;wreg free
   678  00083C  6E14               	movwf	??_main& (0+255),c
   679  00083E  5014               	movf	??_main,w,c
   680  000840  6E31               	movwf	main@LK,c
   681  000842  6A32               	clrf	main@LK+1,c
   682  000844  4A33               	infsnz	main@i_349,f,c
   683  000846  2A34               	incf	main@i_349+1,f,c
   684  000848  D7EF               	goto	l957
   685  00084A                     l967:
   686                           
   687                           ;Automation-7.c: 178: }
   688                           ;Automation-7.c: 179: for (i=0;i<='6'&& LK!='f';i++)
   689  00084A  0E00               	movlw	0
   690  00084C  6E34               	movwf	main@i_349+1,c
   691  00084E  0E00               	movlw	0
   692  000850  6E33               	movwf	main@i_349,c
   693  000852  D008               	goto	l973
   694  000854                     l969:
   695                           
   696                           ;Automation-7.c: 180: {
   697                           ;Automation-7.c: 181: LK=uart_rec1();
   698  000854  EC23  F005         	call	_uart_rec1	;wreg free
   699  000858  6E14               	movwf	??_main& (0+255),c
   700  00085A  5014               	movf	??_main,w,c
   701  00085C  6E31               	movwf	main@LK,c
   702  00085E  6A32               	clrf	main@LK+1,c
   703  000860  4A33               	infsnz	main@i_349,f,c
   704  000862  2A34               	incf	main@i_349+1,f,c
   705  000864                     l973:
   706  000864  5034               	movf	main@i_349+1,w,c
   707  000866  E109               	bnz	l977
   708  000868  0E37               	movlw	55
   709  00086A  5C33               	subwf	main@i_349,w,c
   710  00086C  B0D8               	btfsc	status,0,c
   711  00086E  D005               	goto	l977
   712  000870  0E66               	movlw	102
   713  000872  1831               	xorwf	main@LK,w,c
   714  000874  1032               	iorwf	main@LK+1,w,c
   715  000876  A4D8               	btfss	status,2,c
   716  000878  D7ED               	goto	l969
   717  00087A                     l977:
   718                           
   719                           ;Automation-7.c: 182: }
   720                           ;Automation-7.c: 183: for (i=0;i<='6'&& LK!=':';i++)
   721  00087A  0E00               	movlw	0
   722  00087C  6E34               	movwf	main@i_349+1,c
   723  00087E  0E00               	movlw	0
   724  000880  6E33               	movwf	main@i_349,c
   725  000882  D008               	goto	l983
   726  000884                     l979:
   727                           
   728                           ;Automation-7.c: 184: {
   729                           ;Automation-7.c: 185: LK=uart_rec1();
   730  000884  EC23  F005         	call	_uart_rec1	;wreg free
   731  000888  6E14               	movwf	??_main& (0+255),c
   732  00088A  5014               	movf	??_main,w,c
   733  00088C  6E31               	movwf	main@LK,c
   734  00088E  6A32               	clrf	main@LK+1,c
   735  000890  4A33               	infsnz	main@i_349,f,c
   736  000892  2A34               	incf	main@i_349+1,f,c
   737  000894                     l983:
   738  000894  5034               	movf	main@i_349+1,w,c
   739  000896  E109               	bnz	l987
   740  000898  0E37               	movlw	55
   741  00089A  5C33               	subwf	main@i_349,w,c
   742  00089C  B0D8               	btfsc	status,0,c
   743  00089E  D005               	goto	l987
   744  0008A0  0E3A               	movlw	58
   745  0008A2  1831               	xorwf	main@LK,w,c
   746  0008A4  1032               	iorwf	main@LK+1,w,c
   747  0008A6  A4D8               	btfss	status,2,c
   748  0008A8  D7ED               	goto	l979
   749  0008AA                     l987:
   750                           
   751                           ;Automation-7.c: 186: }
   752                           ;Automation-7.c: 187: y=uart_rec1();
   753  0008AA  EC23  F005         	call	_uart_rec1	;wreg free
   754  0008AE  6E14               	movwf	??_main& (0+255),c
   755  0008B0  5014               	movf	??_main,w,c
   756  0008B2  6E2C               	movwf	main@y,c
   757  0008B4  6A2D               	clrf	main@y+1,c
   758                           
   759                           ;Automation-7.c: 188: LK=uart_rec1();
   760  0008B6  EC23  F005         	call	_uart_rec1	;wreg free
   761  0008BA  6E14               	movwf	??_main& (0+255),c
   762  0008BC  5014               	movf	??_main,w,c
   763  0008BE  6E31               	movwf	main@LK,c
   764  0008C0  6A32               	clrf	main@LK+1,c
   765                           
   766                           ;Automation-7.c: 189: for(int k=0;k<=6&&LK!='"';k++)
   767  0008C2  0E00               	movlw	0
   768  0008C4  6E30               	movwf	main@k+1,c
   769  0008C6  0E00               	movlw	0
   770  0008C8  6E2F               	movwf	main@k,c
   771  0008CA  D012               	goto	l997
   772  0008CC                     l991:
   773                           
   774                           ;Automation-7.c: 190: {
   775                           ;Automation-7.c: 191: as[k]=LK;
   776  0008CC  90D8               	bcf	status,0,c
   777  0008CE  342F               	rlcf	main@k,w,c
   778  0008D0  6ED9               	movwf	fsr2l,c
   779  0008D2  3430               	rlcf	main@k+1,w,c
   780  0008D4  6EDA               	movwf	fsr2h,c
   781  0008D6  0E16               	movlw	low main@as
   782  0008D8  26D9               	addwf	fsr2l,f,c
   783  0008DA  0E00               	movlw	high main@as
   784  0008DC  22DA               	addwfc	fsr2h,f,c
   785  0008DE  C031  FFDE         	movff	main@LK,postinc2
   786  0008E2  C032  FFDD         	movff	main@LK+1,postdec2
   787                           
   788                           ;Automation-7.c: 192: LK=x;
   789  0008E6  C02E  F031         	movff	main@x,main@LK
   790  0008EA  6A32               	clrf	main@LK+1,c
   791  0008EC  4A2F               	infsnz	main@k,f,c
   792  0008EE  2A30               	incf	main@k+1,f,c
   793  0008F0                     l997:
   794  0008F0  BE30               	btfsc	main@k+1,7,c
   795  0008F2  D006               	goto	l999
   796  0008F4  5030               	movf	main@k+1,w,c
   797  0008F6  E109               	bnz	l1001
   798  0008F8  0E07               	movlw	7
   799  0008FA  5C2F               	subwf	main@k,w,c
   800  0008FC  B0D8               	btfsc	status,0,c
   801  0008FE  D005               	goto	l1001
   802  000900                     l999:
   803  000900  0E22               	movlw	34
   804  000902  1831               	xorwf	main@LK,w,c
   805  000904  1032               	iorwf	main@LK+1,w,c
   806  000906  A4D8               	btfss	status,2,c
   807  000908  D7E1               	goto	l991
   808  00090A                     l1001:
   809                           
   810                           ;Automation-7.c: 194: }
   811                           ;Automation-7.c: 195: uart_string1(as);
   812  00090A  0E16               	movlw	low main@as
   813  00090C  6E01               	movwf	uart_string1@str,c
   814  00090E  0E00               	movlw	high main@as
   815  000910  6E02               	movwf	uart_string1@str+1,c
   816  000912  ECCD  F004         	call	_uart_string1	;wreg free
   817  000916  D784               	goto	l955
   818  000918                     __end_of_main:
   819                           	opt stack 0
   820                           tblptru	equ	0xFF8
   821                           wreg	equ	0xFE8
   822                           postinc2	equ	0xFDE
   823                           postdec2	equ	0xFDD
   824                           fsr2h	equ	0xFDA
   825                           fsr2l	equ	0xFD9
   826                           status	equ	0xFD8
   827                           
   828 ;; *************** function _uart_string1 *****************
   829 ;; Defined at:
   830 ;;		line 108 in file "Automation-7.c"
   831 ;; Parameters:    Size  Location     Type
   832 ;;  str             2    0[COMRAM] PTR unsigned char 
   833 ;;		 -> main@as(20), STR_7(65), STR_6(18), STR_5(43), 
   834 ;;		 -> STR_4(20), STR_3(14), STR_2(5), STR_1(53), 
   835 ;; Auto vars:     Size  Location     Type
   836 ;;		None
   837 ;; Return value:  Size  Location     Type
   838 ;;                  1    wreg      void 
   839 ;; Registers used:
   840 ;;		wreg, fsr0l, fsr0h, status,2, status,0, tblptrl, tblptrh, tblptru
   841 ;; Tracked objects:
   842 ;;		On entry : 0/0
   843 ;;		On exit  : 0/0
   844 ;;		Unchanged: 0/0
   845 ;; Data sizes:     COMRAM   BANK0   BANK1   BANK2   BANK3   BANK4   BANK5
   846 ;;      Params:         2       0       0       0       0       0       0
   847 ;;      Locals:         0       0       0       0       0       0       0
   848 ;;      Temps:          0       0       0       0       0       0       0
   849 ;;      Totals:         2       0       0       0       0       0       0
   850 ;;Total ram usage:        2 bytes
   851 ;; Hardware stack levels used:    1
   852 ;; This function calls:
   853 ;;		Nothing
   854 ;; This function is called by:
   855 ;;		_main
   856 ;; This function uses a non-reentrant model
   857 ;;
   858                           
   859                           	psect	text1
   860  00099A                     __ptext1:
   861                           	opt stack 0
   862  00099A                     _uart_string1:
   863                           	opt stack 30
   864                           
   865                           ;Automation-7.c: 110: while((*str)!='\0')
   866                           
   867                           ;incstack = 0
   868  00099A  D015               	goto	l917
   869  00099C                     l48:
   870  00099C  A89E               	btfss	3998,4,c	;volatile
   871  00099E  D7FE               	goto	l48
   872                           
   873                           ;Automation-7.c: 113: TXREG1=(*str);
   874  0009A0  C001  FFF6         	movff	uart_string1@str,tblptrl
   875  0009A4  C002  FFF7         	movff	uart_string1@str+1,tblptrh
   876  0009A8  6AF8               	clrf	tblptru,c
   877  0009AA  0E05               	movlw	(high __ramtop+-1)
   878  0009AC  64F7               	cpfsgt	tblptrh,c
   879  0009AE  D003               	bra	u257
   880  0009B0  0008               	tblrd		*
   881  0009B2  50F5               	movf	tablat,w,c
   882  0009B4  D005               	bra	u250
   883  0009B6                     u257:
   884  0009B6  CFF6 FFE9          	movff	tblptrl,fsr0l
   885  0009BA  CFF7 FFEA          	movff	tblptrh,fsr0h
   886  0009BE  50EF               	movf	indf0,w,c
   887  0009C0                     u250:
   888  0009C0  6EAD               	movwf	4013,c	;volatile
   889                           
   890                           ;Automation-7.c: 114: str++;
   891  0009C2  4A01               	infsnz	uart_string1@str,f,c
   892  0009C4  2A02               	incf	uart_string1@str+1,f,c
   893  0009C6                     l917:
   894  0009C6  C001  FFF6         	movff	uart_string1@str,tblptrl
   895  0009CA  C002  FFF7         	movff	uart_string1@str+1,tblptrh
   896  0009CE  6AF8               	clrf	tblptru,c
   897  0009D0  0E05               	movlw	(high __ramtop+-1)
   898  0009D2  64F7               	cpfsgt	tblptrh,c
   899  0009D4  D003               	bra	u267
   900  0009D6  0008               	tblrd		*
   901  0009D8  50F5               	movf	tablat,w,c
   902  0009DA  D005               	bra	u260
   903  0009DC                     u267:
   904  0009DC  CFF6 FFE9          	movff	tblptrl,fsr0l
   905  0009E0  CFF7 FFEA          	movff	tblptrh,fsr0h
   906  0009E4  50EF               	movf	indf0,w,c
   907  0009E6                     u260:
   908  0009E6  0900               	iorlw	0
   909  0009E8  B4D8               	btfsc	status,2,c
   910  0009EA  0012               	return	
   911  0009EC  D7D7               	goto	l48
   912  0009EE                     __end_of_uart_string1:
   913                           	opt stack 0
   914                           tblptru	equ	0xFF8
   915                           tblptrh	equ	0xFF7
   916                           tblptrl	equ	0xFF6
   917                           tablat	equ	0xFF5
   918                           indf0	equ	0xFEF
   919                           fsr0h	equ	0xFEA
   920                           fsr0l	equ	0xFE9
   921                           wreg	equ	0xFE8
   922                           postinc2	equ	0xFDE
   923                           postdec2	equ	0xFDD
   924                           fsr2h	equ	0xFDA
   925                           fsr2l	equ	0xFD9
   926                           status	equ	0xFD8
   927                           
   928 ;; *************** function _uart_rec1 *****************
   929 ;; Defined at:
   930 ;;		line 135 in file "Automation-7.c"
   931 ;; Parameters:    Size  Location     Type
   932 ;;		None
   933 ;; Auto vars:     Size  Location     Type
   934 ;;		None
   935 ;; Return value:  Size  Location     Type
   936 ;;                  1    wreg      unsigned char 
   937 ;; Registers used:
   938 ;;		wreg, status,2
   939 ;; Tracked objects:
   940 ;;		On entry : 0/0
   941 ;;		On exit  : 0/0
   942 ;;		Unchanged: 0/0
   943 ;; Data sizes:     COMRAM   BANK0   BANK1   BANK2   BANK3   BANK4   BANK5
   944 ;;      Params:         0       0       0       0       0       0       0
   945 ;;      Locals:         0       0       0       0       0       0       0
   946 ;;      Temps:          0       0       0       0       0       0       0
   947 ;;      Totals:         0       0       0       0       0       0       0
   948 ;;Total ram usage:        0 bytes
   949 ;; Hardware stack levels used:    1
   950 ;; This function calls:
   951 ;;		Nothing
   952 ;; This function is called by:
   953 ;;		_main
   954 ;; This function uses a non-reentrant model
   955 ;;
   956                           
   957                           	psect	text2
   958  000A46                     __ptext2:
   959                           	opt stack 0
   960  000A46                     _uart_rec1:
   961                           	opt stack 30
   962  000A46                     l62:
   963  000A46  AA9E               	btfss	3998,5,c	;volatile
   964  000A48  D7FE               	goto	l62
   965                           
   966                           ;Automation-7.c: 138: return RCREG1;
   967  000A4A  50AE               	movf	4014,w,c	;volatile
   968  000A4C  0012               	return	
   969  000A4E                     __end_of_uart_rec1:
   970                           	opt stack 0
   971                           tblptru	equ	0xFF8
   972                           tblptrh	equ	0xFF7
   973                           tblptrl	equ	0xFF6
   974                           tablat	equ	0xFF5
   975                           indf0	equ	0xFEF
   976                           fsr0h	equ	0xFEA
   977                           fsr0l	equ	0xFE9
   978                           wreg	equ	0xFE8
   979                           postinc2	equ	0xFDE
   980                           postdec2	equ	0xFDD
   981                           fsr2h	equ	0xFDA
   982                           fsr2l	equ	0xFD9
   983                           status	equ	0xFD8
   984                           
   985 ;; *************** function _uart_init1 *****************
   986 ;; Defined at:
   987 ;;		line 86 in file "Automation-7.c"
   988 ;; Parameters:    Size  Location     Type
   989 ;;  baud            4   13[COMRAM] unsigned long 
   990 ;; Auto vars:     Size  Location     Type
   991 ;;  n               2   17[COMRAM] unsigned int 
   992 ;; Return value:  Size  Location     Type
   993 ;;                  1    wreg      void 
   994 ;; Registers used:
   995 ;;		wreg, status,2, status,0, cstack
   996 ;; Tracked objects:
   997 ;;		On entry : 0/0
   998 ;;		On exit  : 0/0
   999 ;;		Unchanged: 0/0
  1000 ;; Data sizes:     COMRAM   BANK0   BANK1   BANK2   BANK3   BANK4   BANK5
  1001 ;;      Params:         4       0       0       0       0       0       0
  1002 ;;      Locals:         2       0       0       0       0       0       0
  1003 ;;      Temps:          0       0       0       0       0       0       0
  1004 ;;      Totals:         6       0       0       0       0       0       0
  1005 ;;Total ram usage:        6 bytes
  1006 ;; Hardware stack levels used:    1
  1007 ;; Hardware stack levels required when called:    1
  1008 ;; This function calls:
  1009 ;;		___lldiv
  1010 ;; This function is called by:
  1011 ;;		_main
  1012 ;; This function uses a non-reentrant model
  1013 ;;
  1014                           
  1015                           	psect	text3
  1016  0009EE                     __ptext3:
  1017                           	opt stack 0
  1018  0009EE                     _uart_init1:
  1019                           	opt stack 29
  1020                           
  1021                           ;Automation-7.c: 88: unsigned int n;
  1022                           ;Automation-7.c: 89: TXSTA1 = 0x00;
  1023                           
  1024                           ;incstack = 0
  1025  0009EE  0E00               	movlw	0
  1026  0009F0  6EAC               	movwf	4012,c	;volatile
  1027                           
  1028                           ;Automation-7.c: 90: RCSTA1 = 0x00;
  1029  0009F2  0E00               	movlw	0
  1030  0009F4  6EAB               	movwf	4011,c	;volatile
  1031                           
  1032                           ;Automation-7.c: 91: TXSTAbits.SYNC = 0;
  1033  0009F6  98AC               	bcf	4012,4,c	;volatile
  1034                           
  1035                           ;Automation-7.c: 92: BAUDCON1bits.BRG16 = 1;
  1036  0009F8  86B8               	bsf	4024,3,c	;volatile
  1037                           
  1038                           ;Automation-7.c: 93: RCSTA1bits.SPEN = 1;
  1039  0009FA  8EAB               	bsf	4011,7,c	;volatile
  1040                           
  1041                           ;Automation-7.c: 94: RCSTA1bits.CREN = 1;
  1042  0009FC  88AB               	bsf	4011,4,c	;volatile
  1043                           
  1044                           ;Automation-7.c: 95: TXSTA1bits.BRGH = 1;
  1045  0009FE  84AC               	bsf	4012,2,c	;volatile
  1046                           
  1047                           ;Automation-7.c: 96: TXSTA1bits.TXEN = 1;
  1048  000A00  8AAC               	bsf	4012,5,c	;volatile
  1049                           
  1050                           ;Automation-7.c: 97: n = ((16000000/4)/baud) - 1;
  1051  000A02  0E00               	movlw	0
  1052  000A04  6E01               	movwf	___lldiv@dividend,c
  1053  000A06  0E09               	movlw	9
  1054  000A08  6E02               	movwf	___lldiv@dividend+1,c
  1055  000A0A  0E3D               	movlw	61
  1056  000A0C  6E03               	movwf	___lldiv@dividend+2,c
  1057  000A0E  0E00               	movlw	0
  1058  000A10  6E04               	movwf	___lldiv@dividend+3,c
  1059  000A12  C00E  F005         	movff	uart_init1@baud,___lldiv@divisor
  1060  000A16  C00F  F006         	movff	uart_init1@baud+1,___lldiv@divisor+1
  1061  000A1A  C010  F007         	movff	uart_init1@baud+2,___lldiv@divisor+2
  1062  000A1E  C011  F008         	movff	uart_init1@baud+3,___lldiv@divisor+3
  1063  000A22  EC8C  F004         	call	___lldiv	;wreg free
  1064  000A26  0EFF               	movlw	255
  1065  000A28  2401               	addwf	?___lldiv,w,c
  1066  000A2A  6E12               	movwf	uart_init1@n,c
  1067  000A2C  0EFF               	movlw	255
  1068  000A2E  2002               	addwfc	?___lldiv+1,w,c
  1069  000A30  6E13               	movwf	uart_init1@n+1,c
  1070                           
  1071                           ;Automation-7.c: 98: SPBRGH1 = (n>>8);
  1072  000A32  5013               	movf	uart_init1@n+1,w,c
  1073  000A34  6EB0               	movwf	4016,c	;volatile
  1074                           
  1075                           ;Automation-7.c: 99: SPBRG1 = n & 0xFF;
  1076  000A36  C012  FFAF         	movff	uart_init1@n,4015	;volatile
  1077  000A3A  0012               	return		;funcret
  1078  000A3C                     __end_of_uart_init1:
  1079                           	opt stack 0
  1080                           tblptru	equ	0xFF8
  1081                           tblptrh	equ	0xFF7
  1082                           tblptrl	equ	0xFF6
  1083                           tablat	equ	0xFF5
  1084                           indf0	equ	0xFEF
  1085                           fsr0h	equ	0xFEA
  1086                           fsr0l	equ	0xFE9
  1087                           wreg	equ	0xFE8
  1088                           postinc2	equ	0xFDE
  1089                           postdec2	equ	0xFDD
  1090                           fsr2h	equ	0xFDA
  1091                           fsr2l	equ	0xFD9
  1092                           status	equ	0xFD8
  1093                           
  1094 ;; *************** function ___lldiv *****************
  1095 ;; Defined at:
  1096 ;;		line 8 in file "C:\Program Files (x86)\Microchip\xc8\v1.41\sources\common\lldiv.c"
  1097 ;; Parameters:    Size  Location     Type
  1098 ;;  dividend        4    0[COMRAM] unsigned long 
  1099 ;;  divisor         4    4[COMRAM] unsigned long 
  1100 ;; Auto vars:     Size  Location     Type
  1101 ;;  quotient        4    8[COMRAM] unsigned long 
  1102 ;;  counter         1   12[COMRAM] unsigned char 
  1103 ;; Return value:  Size  Location     Type
  1104 ;;                  4    0[COMRAM] unsigned long 
  1105 ;; Registers used:
  1106 ;;		wreg, status,2, status,0
  1107 ;; Tracked objects:
  1108 ;;		On entry : 0/0
  1109 ;;		On exit  : 0/0
  1110 ;;		Unchanged: 0/0
  1111 ;; Data sizes:     COMRAM   BANK0   BANK1   BANK2   BANK3   BANK4   BANK5
  1112 ;;      Params:         8       0       0       0       0       0       0
  1113 ;;      Locals:         5       0       0       0       0       0       0
  1114 ;;      Temps:          0       0       0       0       0       0       0
  1115 ;;      Totals:        13       0       0       0       0       0       0
  1116 ;;Total ram usage:       13 bytes
  1117 ;; Hardware stack levels used:    1
  1118 ;; This function calls:
  1119 ;;		Nothing
  1120 ;; This function is called by:
  1121 ;;		_uart_init1
  1122 ;; This function uses a non-reentrant model
  1123 ;;
  1124                           
  1125                           	psect	text4
  1126  000918                     __ptext4:
  1127                           	opt stack 0
  1128  000918                     ___lldiv:
  1129                           	opt stack 29
  1130                           
  1131                           ;incstack = 0
  1132  000918  0E00               	movlw	0
  1133  00091A  6E09               	movwf	___lldiv@quotient,c
  1134  00091C  0E00               	movlw	0
  1135  00091E  6E0A               	movwf	___lldiv@quotient+1,c
  1136  000920  0E00               	movlw	0
  1137  000922  6E0B               	movwf	___lldiv@quotient+2,c
  1138  000924  0E00               	movlw	0
  1139  000926  6E0C               	movwf	___lldiv@quotient+3,c
  1140  000928  5005               	movf	___lldiv@divisor,w,c
  1141  00092A  1006               	iorwf	___lldiv@divisor+1,w,c
  1142  00092C  1007               	iorwf	___lldiv@divisor+2,w,c
  1143  00092E  1008               	iorwf	___lldiv@divisor+3,w,c
  1144  000930  B4D8               	btfsc	status,2,c
  1145  000932  D02A               	goto	l441
  1146  000934  0E01               	movlw	1
  1147  000936  6E0D               	movwf	___lldiv@counter,c
  1148  000938  D006               	goto	l877
  1149  00093A                     l875:
  1150  00093A  90D8               	bcf	status,0,c
  1151  00093C  3605               	rlcf	___lldiv@divisor,f,c
  1152  00093E  3606               	rlcf	___lldiv@divisor+1,f,c
  1153  000940  3607               	rlcf	___lldiv@divisor+2,f,c
  1154  000942  3608               	rlcf	___lldiv@divisor+3,f,c
  1155  000944  2A0D               	incf	___lldiv@counter,f,c
  1156  000946                     l877:
  1157  000946  AE08               	btfss	___lldiv@divisor+3,7,c
  1158  000948  D7F8               	goto	l875
  1159  00094A                     l879:
  1160  00094A  90D8               	bcf	status,0,c
  1161  00094C  3609               	rlcf	___lldiv@quotient,f,c
  1162  00094E  360A               	rlcf	___lldiv@quotient+1,f,c
  1163  000950  360B               	rlcf	___lldiv@quotient+2,f,c
  1164  000952  360C               	rlcf	___lldiv@quotient+3,f,c
  1165  000954  5005               	movf	___lldiv@divisor,w,c
  1166  000956  5C01               	subwf	___lldiv@dividend,w,c
  1167  000958  5006               	movf	___lldiv@divisor+1,w,c
  1168  00095A  5802               	subwfb	___lldiv@dividend+1,w,c
  1169  00095C  5007               	movf	___lldiv@divisor+2,w,c
  1170  00095E  5803               	subwfb	___lldiv@dividend+2,w,c
  1171  000960  5008               	movf	___lldiv@divisor+3,w,c
  1172  000962  5804               	subwfb	___lldiv@dividend+3,w,c
  1173  000964  A0D8               	btfss	status,0,c
  1174  000966  D009               	goto	l887
  1175  000968  5005               	movf	___lldiv@divisor,w,c
  1176  00096A  5E01               	subwf	___lldiv@dividend,f,c
  1177  00096C  5006               	movf	___lldiv@divisor+1,w,c
  1178  00096E  5A02               	subwfb	___lldiv@dividend+1,f,c
  1179  000970  5007               	movf	___lldiv@divisor+2,w,c
  1180  000972  5A03               	subwfb	___lldiv@dividend+2,f,c
  1181  000974  5008               	movf	___lldiv@divisor+3,w,c
  1182  000976  5A04               	subwfb	___lldiv@dividend+3,f,c
  1183  000978  8009               	bsf	___lldiv@quotient,0,c
  1184  00097A                     l887:
  1185  00097A  90D8               	bcf	status,0,c
  1186  00097C  3208               	rrcf	___lldiv@divisor+3,f,c
  1187  00097E  3207               	rrcf	___lldiv@divisor+2,f,c
  1188  000980  3206               	rrcf	___lldiv@divisor+1,f,c
  1189  000982  3205               	rrcf	___lldiv@divisor,f,c
  1190  000984  2E0D               	decfsz	___lldiv@counter,f,c
  1191  000986  D7E1               	goto	l879
  1192  000988                     l441:
  1193  000988  C009  F001         	movff	___lldiv@quotient,?___lldiv
  1194  00098C  C00A  F002         	movff	___lldiv@quotient+1,?___lldiv+1
  1195  000990  C00B  F003         	movff	___lldiv@quotient+2,?___lldiv+2
  1196  000994  C00C  F004         	movff	___lldiv@quotient+3,?___lldiv+3
  1197  000998  0012               	return		;funcret
  1198  00099A                     __end_of___lldiv:
  1199                           	opt stack 0
  1200                           tblptru	equ	0xFF8
  1201                           tblptrh	equ	0xFF7
  1202                           tblptrl	equ	0xFF6
  1203                           tablat	equ	0xFF5
  1204                           indf0	equ	0xFEF
  1205                           fsr0h	equ	0xFEA
  1206                           fsr0l	equ	0xFE9
  1207                           wreg	equ	0xFE8
  1208                           postinc2	equ	0xFDE
  1209                           postdec2	equ	0xFDD
  1210                           fsr2h	equ	0xFDA
  1211                           fsr2l	equ	0xFD9
  1212                           status	equ	0xFD8
  1213                           tblptru	equ	0xFF8
  1214                           tblptrh	equ	0xFF7
  1215                           tblptrl	equ	0xFF6
  1216                           tablat	equ	0xFF5
  1217                           indf0	equ	0xFEF
  1218                           fsr0h	equ	0xFEA
  1219                           fsr0l	equ	0xFE9
  1220                           wreg	equ	0xFE8
  1221                           postinc2	equ	0xFDE
  1222                           postdec2	equ	0xFDD
  1223                           fsr2h	equ	0xFDA
  1224                           fsr2l	equ	0xFD9
  1225                           status	equ	0xFD8
  1226                           
  1227                           	psect	rparam
  1228  0000                     tblptru	equ	0xFF8
  1229                           tblptrh	equ	0xFF7
  1230                           tblptrl	equ	0xFF6
  1231                           tablat	equ	0xFF5
  1232                           indf0	equ	0xFEF
  1233                           fsr0h	equ	0xFEA
  1234                           fsr0l	equ	0xFE9
  1235                           wreg	equ	0xFE8
  1236                           postinc2	equ	0xFDE
  1237                           postdec2	equ	0xFDD
  1238                           fsr2h	equ	0xFDA
  1239                           fsr2l	equ	0xFD9
  1240                           status	equ	0xFD8


Data Sizes:
    Strings     218
    Constant    0
    Data        0
    BSS         0
    Persistent  0
    Stack       0

Auto Spaces:
    Space          Size  Autos    Used
    COMRAM           95     52      52
    BANK0           160      0       0
    BANK1           256      0       0
    BANK2           256      0       0
    BANK3           256      0       0
    BANK4           256      0       0
    BANK5           256      0       0

Pointer List with Targets:

    uart_string1@str	PTR unsigned char  size(2) Largest target is 65
		 -> main@as(COMRAM[20]), STR_7(CODE[65]), STR_6(CODE[18]), STR_5(CODE[43]), 
		 -> STR_4(CODE[20]), STR_3(CODE[14]), STR_2(CODE[5]), STR_1(CODE[53]), 


Critical Paths under _main in COMRAM

    _main->_uart_init1
    _uart_init1->___lldiv

Critical Paths under _main in BANK0

    None.

Critical Paths under _main in BANK1

    None.

Critical Paths under _main in BANK2

    None.

Critical Paths under _main in BANK3

    None.

Critical Paths under _main in BANK4

    None.

Critical Paths under _main in BANK5

    None.

Call Graph Tables:

 ---------------------------------------------------------------------------------
 (Depth) Function   	        Calls       Base Space   Used Autos Params    Refs
 ---------------------------------------------------------------------------------
 (0) _main                                                35    35      0    1283
                                             19 COMRAM    33    33      0
                         _uart_init1
                          _uart_rec1
                       _uart_string1
 ---------------------------------------------------------------------------------
 (1) _uart_string1                                         2     0      2     557
                                              0 COMRAM     2     0      2
 ---------------------------------------------------------------------------------
 (1) _uart_rec1                                            0     0      0       0
 ---------------------------------------------------------------------------------
 (1) _uart_init1                                           6     2      4     421
                                             13 COMRAM     6     2      4
                            ___lldiv
 ---------------------------------------------------------------------------------
 (2) ___lldiv                                             13     5      8     290
                                              0 COMRAM    13     5      8
 ---------------------------------------------------------------------------------
 Estimated maximum stack depth 2
 ---------------------------------------------------------------------------------

 Call Graph Graphs:

 _main (ROOT)
   _uart_init1
     ___lldiv
   _uart_rec1
   _uart_string1

 Address spaces:
Name               Size   Autos  Total    Cost      Usage
BITCOMRAM           5F      0       0       0        0.0%
EEDATA             100      0       0       0        0.0%
NULL                 0      0       0       0        0.0%
CODE                 0      0       0       0        0.0%
COMRAM              5F     34      34       1       54.7%
STACK                0      0       0       2        0.0%
BITBANK0            A0      0       0       3        0.0%
BANK0               A0      0       0       4        0.0%
BITBANK1           100      0       0       5        0.0%
BANK1              100      0       0       6        0.0%
BITBANK2           100      0       0       7        0.0%
BANK2              100      0       0       8        0.0%
ABS                  0      0       0       9        0.0%
BITBANK3           100      0       0      10        0.0%
BANK3              100      0       0      11        0.0%
BITBANK4           100      0       0      12        0.0%
BANK4              100      0       0      13        0.0%
BITBANK5           100      0       0      14        0.0%
BANK5              100      0       0      15        0.0%
BIGRAM             5FF      0       0      16        0.0%
DATA                 0      0       0      17        0.0%
BITSFR_1             0      0       0     200        0.0%
SFR_1                0      0       0     200        0.0%
BITSFR               0      0       0     200        0.0%
SFR                  0      0       0     200        0.0%


Microchip Technology PIC18 Macro Assembler V1.41 build -162212810 
Symbol Table                                                                                   Sat Jan 13 10:50:33 2018

                     l62 0A46                       l48 099C             __CFG_CP0$OFF 000000  
           __CFG_CP1$OFF 000000             __CFG_CP2$OFF 000000             __CFG_CP3$OFF 000000  
                    l441 0988                      l917 09C6                      l961 0838  
                    l875 093A                      l955 0820                      l877 0946  
                    l973 0864                      l957 0828                      l887 097A  
                    l879 094A                      l991 08CC                      l983 0894  
                    l967 084A                      l977 087A                      l969 0854  
                    l987 08AA                      l979 0884                      l997 08F0  
                    l999 0900             __CFG_CPB$OFF 000000                      u250 09C0  
                    u260 09E6                      u407 07A6                      u257 09B6  
                    u417 07CA             __CFG_CPD$OFF 000000                      u267 09DC  
                    u427 07EE                      u437 0812                      u367 070E  
                    u377 0732                      u387 075E                      u397 0782  
                    wreg 000FE8               _TXSTA1bits 000FAC             __CFG_LVP$OFF 000000  
                   l1001 090A                     STR_1 0642                     STR_2 06D6  
                   STR_3 06C8                     STR_4 06A2                     STR_5 0677  
                   STR_6 06B6                     STR_7 0601                     _main 06DC  
                   fsr0h 000FEA                     indf0 000FEF                     fsr2h 000FDA  
                   fsr0l 000FE9                     fsr2l 000FD9            __CFG_BORV$190 000000  
                   start 0000            __CFG_IESO$OFF 000000             ___param_bank 000000  
           _BAUDCON1bits 000FB8                    ?_main 0001          __end_of___lldiv 099A  
                  _RC1IF 007CF5                    _TX1IF 007CF4                    _TRISB 000F93  
                  _TRISC 000F94            __CFG_WRT0$OFF 000000            __CFG_WRT1$OFF 000000  
          __CFG_WRT2$OFF 000000            __CFG_WRT3$OFF 000000           __CFG_EBTR0$OFF 000000  
         __CFG_FCMEN$OFF 000000           __CFG_EBTR1$OFF 000000           __CFG_EBTR2$OFF 000000  
         __CFG_EBTR3$OFF 000000            __CFG_WRTB$OFF 000000            __CFG_WRTC$OFF 000000  
          __CFG_WRTD$OFF 000000           __CFG_EBTRB$OFF 000000       __CFG_MCLRE$EXTMCLR 000000  
                  main@i 002A                    main@k 002F                    main@x 002E  
                  main@y 002C                    tablat 000FF5                    status 000FD8  
         __CFG_FOSC$HSMP 000000          __initialization 0A3C             __end_of_main 0918  
                 ??_main 0014            __activetblptr 000002                   _ANSELB 000F39  
                 _ANSELC 000F3A           __CFG_WDTEN$OFF 000000                   _RCREG1 000FAE  
                 _RCSTA1 000FAB                   _SPBRG1 000FAF                   _TXREG1 000FAD  
                 _TXSTA1 000FAC           __CFG_XINST$OFF 000000                ??___lldiv 0009  
                 main@LK 0031                   main@as 0016             __mediumconst 0000  
                 tblptrh 000FF7                   tblptrl 000FF6                   tblptru 000FF8  
        __CFG_HFOFST$OFF 000000               __accesstop 0060  __end_of__initialization 0A3C  
        __CFG_PBADEN$OFF 000000            ___rparam_used 000001           __pcstackCOMRAM 0001  
        __CFG_PLLCFG$OFF 000000       __CFG_CCP2MX$PORTC1 000000       __CFG_CCP3MX$PORTB5 000000  
     __size_of_uart_rec1 0008        __CFG_PRICLKEN$OFF 000000                  _SPBRGH1 000FB0  
        __CFG_PWRTEN$OFF 000000                  __Hparam 0000                  __Lparam 0000  
                ___lldiv 0918             __psmallconst 0600          __CFG_STVREN$OFF 000000  
                __pcinit 0A3C                  __ramtop 0600                  __ptext0 06DC  
                __ptext1 099A                  __ptext2 0A46                  __ptext3 09EE  
                __ptext4 0918     end_of_initialization 0A3C            __Lmediumconst 0000  
      __end_of_uart_rec1 0A4E          ___lldiv@divisor 0005          ___lldiv@counter 000D  
          ?_uart_string1 0001                  postdec2 000FDD                  postinc2 000FDE  
             _uart_init1 09EE              uart_init1@n 0012                _TXSTAbits 000FAC  
         ??_uart_string1 0003      start_initialization 0A3C              ?_uart_init1 000E  
               ?___lldiv 0001              __smallconst 0600     __end_of_uart_string1 09EE  
    __size_of_uart_init1 004E         __CFG_WDTPS$32768 000000                _uart_rec1 0A46  
              main@i_349 0033                 __Hrparam 0000                 __Lrparam 0000  
     __CFG_BOREN$SBORDIS 000000               ?_uart_rec1 0001        __CFG_P2BMX$PORTD2 000000  
       __size_of___lldiv 0082           uart_init1@baud 000E            __size_of_main 023C  
           ??_uart_init1 0012    __size_of_uart_string1 0054         ___lldiv@dividend 0001  
     __end_of_uart_init1 0A3C               _RCSTA1bits 000FAB             _uart_string1 099A  
            ??_uart_rec1 0001         ___lldiv@quotient 0009        __CFG_T3CMX$PORTC0 000000  
        uart_string1@str 0001  
